<?xml version="1.0" encoding="UTF-8"?>
<!-- Generated by org.testng.reporters.JUnitReportReporter -->
<testsuite hostname="IT-026655-MNN" failures="0" tests="1" name="registerationandlogintests.RunApkApp" time="4.626" errors="0" timestamp="9 May 2022 15:05:03 GMT">
  <testcase classname="registerationandlogintests.RunApkApp" name="userCanRegister" time="4.626"/>
</testsuite> <!-- registerationandlogintests.RunApkApp -->
