<?xml version="1.0" encoding="UTF-8"?>
<!-- Generated by org.testng.reporters.JUnitReportReporter -->
<testsuite hostname="IT-026655-MNN" failures="0" tests="1" name="registerationandlogintests.TestClass" time="7.628" errors="0" timestamp="10 May 2022 08:20:28 GMT">
  <testcase classname="registerationandlogintests.TestClass" name="checkSearch" time="7.628"/>
</testsuite> <!-- registerationandlogintests.TestClass -->
